hlcsg v3.4 VL33 (Feb  2 2014)
Zoner's Half-Life Compilation Tools -- Custom Build
Based on code modifications by Sean 'Zoner' Cavanaugh
Based on Valve's version, modified with permission.
Submit detailed bug reports to (vluzacn@163.com)
-----  BEGIN  hlcsg -----
Command line: "C:/Program Files (x86)/Nathan/JackHammer/Jackhammer/halflife/hlcsg.exe" "C:\Program Files (x86)\Steam\steamapps\common\Half-Life\valve\maps\zm_short_nuke" 
Arguments: "C:\Program Files (x86)\Steam\steamapps\common\Half-Life\valve\maps\zm_short_nuke" -low -wadautodetect 
Entering C:\Program Files (x86)\Steam\steamapps\common\Half-Life\valve\maps\zm_short_nuke.map

Current hlcsg Settings
Name                 |  Setting  |  Default
---------------------|-----------|-------------------------
threads               [       4 ] [  Varies ]
verbose               [     off ] [     off ]
log                   [      on ] [      on ]
reset logfile         [      on ] [      on ]
developer             [       0 ] [       0 ]
chart                 [     off ] [     off ]
estimate              [     off ] [     off ]
max texture memory    [ 33554432 ] [ 33554432 ]
max lighting memory   [ 50331648 ] [ 50331648 ]
priority              [     Low ] [  Normal ]

noclip                [     off ] [     off ]
null texture stripping[      on ] [      on ]
clipnode economy mode [     off ] [     off ]
clip hull type        [  simple ] [  simple ]
onlyents              [     off ] [     off ]
wadtextures           [      on ] [      on ]
skyclip               [      on ] [      on ]
hullfile              [    None ] [    None ]
wad configuration file[    None ] [    None ]
wad.cfg group name    [    None ] [    None ]
nullfile              [    None ] [    None ]
nullify trigger       [      on ] [      on ]
min surface area      [   0.000 ] [   0.000 ]
brush union threshold [   0.000 ] [   0.000 ]
map scaling           [    None ] [    None ]
light name optimize   [      on ] [      on ]
UTF8 game_text        [      on ] [      on ]

Using mapfile wad configuration
Wadfiles not in use by the map will be excluded
Wadinclude list :
[zhlt.wad]

CreateBrush:
 (0.18 seconds)
CSGBrush:
 (0.48 seconds)

added 3 additional animating textures.
Using Wadfile: \Program Files (x86)\Steam\steamapps\common\Half-Life\valve\halflife.wad
 - Contains 78 used textures, 82.98 percent of map (3116 textures in wad)
Using Wadfile: \Program Files (x86)\Steam\steamapps\common\Half-Life\cstrike\cs_cbble.wad
 - Contains 1 used texture, 1.06 percent of map (61 textures in wad)
Using Wadfile: \Program Files (x86)\Steam\steamapps\common\Half-Life\cstrike\cs_havana.wad
 - Contains 1 used texture, 1.06 percent of map (122 textures in wad)
Using Wadfile: \Program Files (x86)\Steam\steamapps\common\Half-Life\cstrike\cstrike.wad
 - Contains 2 used textures, 2.13 percent of map (123 textures in wad)
Using Wadfile: \Program Files (x86)\Steam\steamapps\common\Half-Life\cstrike\de_piranesi.wad
 - Contains 1 used texture, 1.06 percent of map (160 textures in wad)
Using Wadfile: \Program Files (x86)\Steam\steamapps\common\Half-Life\cstrike\tswad.wad
 - Contains 8 used textures, 8.51 percent of map (29 textures in wad)
Using Wadfile: \Program Files (x86)\Steam\steamapps\common\Half-Life\cstrike\nuke_a.wad
 - Contains 3 used textures, 3.19 percent of map (15 textures in wad)

Wad files required to run the map: "halflife.wad;cs_cbble.wad;cs_havana.wad;cstrike.wad;de_piranesi.wad;tswad.wad;nuke_a.wad;"
Texture usage is at 1.42 mb (of 32.00 mb MAX)
0.74 seconds elapsed

-----   END   hlcsg -----



hlbsp v3.4 VL33 (Feb  2 2014)
Zoner's Half-Life Compilation Tools -- Custom Build
Based on code modifications by Sean 'Zoner' Cavanaugh
Based on Valve's version, modified with permission.
Submit detailed bug reports to (vluzacn@163.com)
-----  BEGIN  hlbsp -----
Command line: "C:/Program Files (x86)/Nathan/JackHammer/Jackhammer/halflife/hlbsp.exe" "C:\Program Files (x86)\Steam\steamapps\common\Half-Life\valve\maps\zm_short_nuke" 
Arguments: "C:\Program Files (x86)\Steam\steamapps\common\Half-Life\valve\maps\zm_short_nuke" -low -chart 

Current hlbsp Settings
Name               |  Setting  |  Default
-------------------|-----------|-------------------------
threads             [       4 ] [  Varies ]
verbose             [     off ] [     off ]
log                 [      on ] [      on ]
developer           [       0 ] [       0 ]
chart               [      on ] [     off ]
estimate            [     off ] [     off ]
max texture memory  [ 33554432 ] [ 33554432 ]
priority            [     Low ] [  Normal ]

noclip              [     off ] [     off ]
nofill              [     off ] [     off ]
noinsidefill        [     off ] [     off ]
noopt               [     off ] [     off ]
no clipnode merging [     off ] [     off ]
null tex. stripping [      on ] [      on ]
notjunc             [     off ] [     off ]
nobrink             [     off ] [     off ]
subdivide size      [     240 ] [     240 ] (Min 64) (Max 512)
max node size       [    1024 ] [    1024 ] (Min 64) (Max 65536)
remove hull 2       [     off ] [     off ]


SolidBSP [hull 0] Warning: Ambiguous leafnode content ( EMPTY and SOLID ) at (1156,-241,503)-(1184,-192,512) in hull 0 of model 0 (entity: classname "worldspawn", origin "", targetname "")
Warning: Ambiguous leafnode content ( EMPTY and SOLID ) at (1136,-246,432)-(1184,-192,448) in hull 0 of model 0 (entity: classname "worldspawn", origin "", targetname "")
500...1000...1500...1738 (0.21 seconds)
BSP generation successful, writing portal file 'C:\Program Files (x86)\Steam\steamapps\common\Half-Life\valve\maps\zm_short_nuke.prt'
SolidBSP [hull 1] Warning: Ambiguous leafnode content ( EMPTY and SOLID ) at (1144,-240,540)-(1168,-209,548) in hull 1 of model 0 (entity: classname "worldspawn", origin "", targetname "")
500...Warning: Ambiguous leafnode content ( EMPTY and SOLID ) at (496,-1008,100)-(625,-944,325) in hull 1 of model 0 (entity: classname "worldspawn", origin "", targetname "")
1000...1483 (0.16 seconds)
SolidBSP [hull 2] 500...Warning: Ambiguous leafnode content ( EMPTY and SOLID ) at (480,-992,96)-(609,-928,321) in hull 2 of model 0 (entity: classname "worldspawn", origin "", targetname "")
1000...1295 (0.12 seconds)
SolidBSP [hull 3] Warning: Ambiguous leafnode content ( EMPTY and SOLID ) at (1144,-240,522)-(1168,-209,530) in hull 3 of model 0 (entity: classname "worldspawn", origin "", targetname "")
500...Warning: Ambiguous leafnode content ( EMPTY and SOLID ) at (1152,-240,421)-(1188,-208,426) in hull 3 of model 0 (entity: classname "worldspawn", origin "", targetname "")
Warning: Ambiguous leafnode content ( EMPTY and SOLID ) at (1172,-240,421)-(1200,-208,430) in hull 3 of model 0 (entity: classname "worldspawn", origin "", targetname "")
Warning: Ambiguous leafnode content ( EMPTY and SOLID ) at (496,-1008,82)-(625,-944,307) in hull 3 of model 0 (entity: classname "worldspawn", origin "", targetname "")
1000...1500...1715 (0.20 seconds)
Reduced 4702 clipnodes to 4357
Reduced 1203 texinfos to 1010
Reduced 94 texdatas to 93 (4140 bytes to 4096)
Reduced 6816 planes to 2022
FixBrinks:
Increased 4357 clipnodes to 4409.

Object names  Objects/Maxobjs  Memory / Maxmem  Fullness
------------  ---------------  ---------------  --------
models             37/512         2368/32768    ( 7.2%)
planes           2022/32768      40440/655360   ( 6.2%)
vertexes         5404/65535      64848/786420   ( 8.2%)
nodes            1904/32767      45696/786408   ( 5.8%)
texinfos         1010/32767      40400/1310680  ( 3.1%)
faces            3742/65535      74840/1310700  ( 5.7%)
* worldfaces     3479/32768          0/0        (10.6%)
clipnodes        4409/32767      35272/262136   (13.5%)
leaves           1134/32760      31752/917280   ( 3.5%)
* worldleaves     907/8192           0/0        (11.1%)
marksurfaces     4990/65535       9980/131070   ( 7.6%)
surfedges       18110/512000     72440/2048000  ( 3.5%)
edges            9338/256000     37352/1024000  ( 3.6%)
texdata          [variable]       4096/33554432 ( 0.0%)
lightdata        [variable]          0/50331648 ( 0.0%)
visdata          [variable]          0/8388608  ( 0.0%)
entdata          [variable]      16461/2097152  ( 0.8%)
* AllocBlock       11/64             0/0        (17.2%)
93 textures referenced
=== Total BSP file data space used: 475945 bytes ===
Wad files required to run the map: "halflife.wad;cs_cbble.wad;cs_havana.wad;cstrike.wad;de_piranesi.wad;tswad.wad;nuke_a.wad;"
1.53 seconds elapsed

-----   END   hlbsp -----



hlvis v3.4 VL33 (Feb  2 2014)
Zoner's Half-Life Compilation Tools -- Custom Build
Based on code modifications by Sean 'Zoner' Cavanaugh
Based on Valve's version, modified with permission.
Submit detailed bug reports to (vluzacn@163.com)
-----  BEGIN  hlvis -----
Command line: "C:/Program Files (x86)/Nathan/JackHammer/Jackhammer/halflife/hlvis.exe" "C:\Program Files (x86)\Steam\steamapps\common\Half-Life\valve\maps\zm_short_nuke" 
Arguments: "C:\Program Files (x86)\Steam\steamapps\common\Half-Life\valve\maps\zm_short_nuke" -low 
 689 portalleafs
2084 numportals

-= Current hlvis Settings =-
Name               |  Setting  |  Default
-------------------|-----------|-------------------------
threads             [       4 ] [  Varies ]
verbose             [     off ] [     off ]
log                 [      on ] [      on ]
developer           [       0 ] [       0 ]
chart               [     off ] [     off ]
estimate            [     off ] [     off ]
max texture memory  [ 33554432 ] [ 33554432 ]
max vis distance    [       0 ] [       0 ]
priority            [     Low ] [  Normal ]

fast vis            [     off ] [     off ]
full vis            [     off ] [     off ]


BasePortalVis:
 (0.16 seconds)
LeafThread:
 (6.58 seconds)
average leafs visible: 131
g_visdatasize:36399  compressed from 59943
6.78 seconds elapsed

-----   END   hlvis -----



hlrad v3.4 VL33 (Feb  2 2014)
Zoner's Half-Life Compilation Tools -- Custom Build
Based on code modifications by Sean 'Zoner' Cavanaugh
Based on Valve's version, modified with permission.
Submit detailed bug reports to (vluzacn@163.com)
-----  BEGIN  hlrad -----
Command line: "C:/Program Files (x86)/Nathan/JackHammer/Jackhammer/halflife/hlrad.exe" "C:\Program Files (x86)\Steam\steamapps\common\Half-Life\valve\maps\zm_short_nuke" 
Arguments: "C:\Program Files (x86)\Steam\steamapps\common\Half-Life\valve\maps\zm_short_nuke" -low 

-= Current hlrad Settings =-
Name                | Setting             | Default
--------------------|---------------------|-------------------------
threads              [                 4 ] [            Varies ]
verbose              [               off ] [               off ]
log                  [                on ] [                on ]
developer            [                 0 ] [                 0 ]
chart                [               off ] [               off ]
estimate             [               off ] [               off ]
max texture memory   [          33554432 ] [          33554432 ]
max lighting memory  [          50331648 ] [          50331648 ]
priority             [               Low ] [            Normal ]

fast rad             [               off ] [               off ]
vismatrix algorithm  [            Sparse ] [            Sparse ]
oversampling (-extra)[               off ] [               off ]
bounces              [                 8 ] [                 8 ]
ambient light        [ 0.000 0.000 0.000 ] [ 0.000 0.000 0.000 ]
light limit threshold[           188.000 ] [           188.000 ]
circus mode          [               off ] [               off ]

smoothing threshold  [            50.000 ] [            50.000 ]
smoothing threshold 2[         no change ] [         no change ]
direct threshold     [            10.000 ] [            10.000 ]
direct light scale   [             1.000 ] [             1.000 ]
coring threshold     [             0.010 ] [             0.010 ]
patch interpolation  [                on ] [                on ]

texscale             [                on ] [                on ]
patch subdividing    [                on ] [                on ]
chop value           [            64.000 ] [            64.000 ]
texchop value        [            32.000 ] [            32.000 ]

global fade          [             1.000 ] [             1.000 ]
global light scale   [ 2.000 2.000 2.000 ] [ 2.000 2.000 2.000 ]
global gamma         [ 0.550 0.550 0.550 ] [ 0.550 0.550 0.550 ]
global light scale   [             2.000 ] [             2.000 ]
global sky diffusion [             1.000 ] [             1.000 ]

spread angles        [                on ] [                on ]
opaque entities      [                on ] [                on ]
sky lighting fix     [                on ] [                on ]
incremental          [               off ] [               off ]
dump                 [               off ] [               off ]

colour jitter        [       0.0 0.0 0.0 ] [       0.0 0.0 0.0 ]
monochromatic jitter [       0.0 0.0 0.0 ] [       0.0 0.0 0.0 ]

custom shadows with bounce light
                     [               off ] [               off ]
rgb transfers        [               off ] [               off ]
minimum final light  [                 0 ] [                 0 ]
size of transfer     [         1 (16bit) ] [         1 (16bit) ]
size of rgbtransfer  [         2 (32bit) ] [         2 (32bit) ]
soft sky             [                on ] [                on ]
translucent depth    [             2.000 ] [             2.000 ]
block opaque         [                on ] [                on ]
ignore textures      [               off ] [               off ]
reflectivity gamma   [             1.760 ] [             1.760 ]
reflectivity scale   [             0.700 ] [             0.700 ]
blur size            [             1.500 ] [             1.500 ]
no emitter range     [               off ] [               off ]
wall bleeding fix    [                on ] [                on ]


Load Textures:
Using Wadfile: C:\Program Files (x86)\Steam\steamapps\common\Half-Life\valve\maps\zm_short_nuke.wa_
93 textures referenced
Reading texlights from 'C:\Program Files (x86)\Nathan\JackHammer\Jackhammer\halflife\lights.rad'
0 opaque models
0 opaque faces
3742 faces
Create Patches : 10437 base patches
227467 square feet [32755334.00 square inches]
28 direct lights and 16386 fast direct lights
1 light styles

FindFacePositions:
 (1.12 seconds)
BuildFacelights:
 (15.99 seconds)
BuildVisLeafs:
 (1.55 seconds)
visibility matrix   :   1.5 megs
MakeScales:
 (2.50 seconds)
Transfer Lists :     3007456 :     3.01M transfers
       Indices :     2259396 :     2.15M bytes
          Data :     6044966 :     5.76M bytes
Bounce 1 GatherLight:
 (0.06 seconds)
Bounce 2 GatherLight:
 (0.06 seconds)
Bounce 3 GatherLight:
 (0.06 seconds)
Bounce 4 GatherLight:
 (0.07 seconds)
Bounce 5 GatherLight:
 (0.06 seconds)
Bounce 6 GatherLight:
 (0.07 seconds)
Bounce 7 GatherLight:
 (0.06 seconds)
Bounce 8 GatherLight:
 (0.07 seconds)
CreateTriangulations:
 (0.10 seconds)
AddPatchLights:
 (1.56 seconds)
FinalLightFace:
 (0.04 seconds)
24.14 seconds elapsed

-----   END   hlrad -----



