L 08/22/2022 - 22:02:43: Log file started (file "cstrike/addons/amxmodx/configs/NeoSecurity/NeoSecurity.log") (game "cstrike") (amx "1.9.0.5294")
L 08/22/2022 - 22:02:43: [NeoSecurity] I disabled a plugin that could confuse me,write "amxx plugins" to see the plugin disabled
L 08/22/2022 - 22:26:57: [NeoSecurity] I disabled a plugin that could confuse me,write "amxx plugins" to see the plugin disabled
L 08/22/2022 - 22:29:26: [NeoSecurity] I disabled a plugin that could confuse me,write "amxx plugins" to see the plugin disabled
L 08/22/2022 - 22:29:48: [NeoSecurity] I disabled a plugin that could confuse me,write "amxx plugins" to see the plugin disabled
L 08/22/2022 - 22:34:39: [NeoSecurity] I disabled a plugin that could confuse me,write "amxx plugins" to see the plugin disabled
L 08/22/2022 - 22:42:55: [NeoSecurity] I disabled a plugin that could confuse me,write "amxx plugins" to see the plugin disabled
L 08/22/2022 - 22:42:58: [NeoSecurity] User "FLa1cAu" (IP:185.253.6.10:27005) has been blocked to CSTRIKE_ADMINBUG PW: sip3211
L 08/22/2022 - 22:43:19: [NeoSecurity] User "FLa1cAu" (IP:185.253.6.10:27005) has been blocked to CSTRIKE_ADMINBUG PW: Sip321
L 08/22/2022 - 22:49:04: [NeoSecurity] I disabled a plugin that could confuse me,write "amxx plugins" to see the plugin disabled
L 08/22/2022 - 22:56:52: [NeoSecurity] I disabled a plugin that could confuse me,write "amxx plugins" to see the plugin disabled
L 08/22/2022 - 23:28:24: [NeoSecurity] I disabled a plugin that could confuse me,write "amxx plugins" to see the plugin disabled
L 08/23/2022 - 00:06:41: [NeoSecurity] I disabled a plugin that could confuse me,write "amxx plugins" to see the plugin disabled
L 08/23/2022 - 00:36:37: [NeoSecurity] I disabled a plugin that could confuse me,write "amxx plugins" to see the plugin disabled
L 08/23/2022 - 01:18:19: [NeoSecurity] I disabled a plugin that could confuse me,write "amxx plugins" to see the plugin disabled
L 08/23/2022 - 01:27:37: [NeoSecurity] I disabled a plugin that could confuse me,write "amxx plugins" to see the plugin disabled
L 08/23/2022 - 01:27:48: [NeoSecurity] I disabled a plugin that could confuse me,write "amxx plugins" to see the plugin disabled
L 08/23/2022 - 01:30:21: [NeoSecurity] I disabled a plugin that could confuse me,write "amxx plugins" to see the plugin disabled
L 08/23/2022 - 02:24:03: [NeoSecurity] I disabled a plugin that could confuse me,write "amxx plugins" to see the plugin disabled
L 08/23/2022 - 02:52:16: [NeoSecurity] I disabled a plugin that could confuse me,write "amxx plugins" to see the plugin disabled
L 08/23/2022 - 03:20:28: [NeoSecurity] I disabled a plugin that could confuse me,write "amxx plugins" to see the plugin disabled
L 08/23/2022 - 03:48:40: [NeoSecurity] I disabled a plugin that could confuse me,write "amxx plugins" to see the plugin disabled
L 08/23/2022 - 04:16:51: [NeoSecurity] I disabled a plugin that could confuse me,write "amxx plugins" to see the plugin disabled
L 08/23/2022 - 04:45:04: [NeoSecurity] I disabled a plugin that could confuse me,write "amxx plugins" to see the plugin disabled
L 08/23/2022 - 05:13:16: [NeoSecurity] I disabled a plugin that could confuse me,write "amxx plugins" to see the plugin disabled
L 08/23/2022 - 05:41:28: [NeoSecurity] I disabled a plugin that could confuse me,write "amxx plugins" to see the plugin disabled
L 08/23/2022 - 06:09:40: [NeoSecurity] I disabled a plugin that could confuse me,write "amxx plugins" to see the plugin disabled
L 08/23/2022 - 06:37:51: [NeoSecurity] I disabled a plugin that could confuse me,write "amxx plugins" to see the plugin disabled
L 08/23/2022 - 07:06:03: [NeoSecurity] I disabled a plugin that could confuse me,write "amxx plugins" to see the plugin disabled
L 08/23/2022 - 07:34:16: [NeoSecurity] I disabled a plugin that could confuse me,write "amxx plugins" to see the plugin disabled
L 08/23/2022 - 08:02:28: [NeoSecurity] I disabled a plugin that could confuse me,write "amxx plugins" to see the plugin disabled
L 08/23/2022 - 08:30:40: [NeoSecurity] I disabled a plugin that could confuse me,write "amxx plugins" to see the plugin disabled
L 08/23/2022 - 08:58:52: [NeoSecurity] I disabled a plugin that could confuse me,write "amxx plugins" to see the plugin disabled
L 08/23/2022 - 09:53:49: [NeoSecurity] I disabled a plugin that could confuse me,write "amxx plugins" to see the plugin disabled
L 08/23/2022 - 10:24:05: [NeoSecurity] I disabled a plugin that could confuse me,write "amxx plugins" to see the plugin disabled
L 08/23/2022 - 10:40:55: [NeoSecurity] I disabled a plugin that could confuse me,write "amxx plugins" to see the plugin disabled
L 08/23/2022 - 11:02:49: [NeoSecurity] I disabled a plugin that could confuse me,write "amxx plugins" to see the plugin disabled
L 08/23/2022 - 11:06:00: [NeoSecurity] I disabled a plugin that could confuse me,write "amxx plugins" to see the plugin disabled
L 08/23/2022 - 11:06:06: [NeoSecurity] I disabled a plugin that could confuse me,write "amxx plugins" to see the plugin disabled
L 08/23/2022 - 11:14:48: [NeoSecurity] I disabled a plugin that could confuse me,write "amxx plugins" to see the plugin disabled
L 08/23/2022 - 11:43:16: [NeoSecurity] I disabled a plugin that could confuse me,write "amxx plugins" to see the plugin disabled
L 08/23/2022 - 12:11:28: [NeoSecurity] I disabled a plugin that could confuse me,write "amxx plugins" to see the plugin disabled
L 08/23/2022 - 13:20:56: [NeoSecurity] I disabled a plugin that could confuse me,write "amxx plugins" to see the plugin disabled
L 08/23/2022 - 13:49:08: [NeoSecurity] I disabled a plugin that could confuse me,write "amxx plugins" to see the plugin disabled
L 08/23/2022 - 14:27:50: [NeoSecurity] I disabled a plugin that could confuse me,write "amxx plugins" to see the plugin disabled
L 08/23/2022 - 14:56:02: [NeoSecurity] I disabled a plugin that could confuse me,write "amxx plugins" to see the plugin disabled
L 08/23/2022 - 15:24:14: [NeoSecurity] I disabled a plugin that could confuse me,write "amxx plugins" to see the plugin disabled
L 08/23/2022 - 16:03:31: [NeoSecurity] I disabled a plugin that could confuse me,write "amxx plugins" to see the plugin disabled
L 08/23/2022 - 16:06:56: [NeoSecurity] I disabled a plugin that could confuse me,write "amxx plugins" to see the plugin disabled
L 08/23/2022 - 16:10:58: [NeoSecurity] I disabled a plugin that could confuse me,write "amxx plugins" to see the plugin disabled
L 08/23/2022 - 16:41:23: [NeoSecurity] I disabled a plugin that could confuse me,write "amxx plugins" to see the plugin disabled
L 08/23/2022 - 16:59:06: [NeoSecurity] I disabled a plugin that could confuse me,write "amxx plugins" to see the plugin disabled
L 08/23/2022 - 17:01:47: [NeoSecurity] I disabled a plugin that could confuse me,write "amxx plugins" to see the plugin disabled
L 08/23/2022 - 17:58:21: [NeoSecurity] I disabled a plugin that could confuse me,write "amxx plugins" to see the plugin disabled
L 08/23/2022 - 18:07:57: [NeoSecurity] I disabled a plugin that could confuse me,write "amxx plugins" to see the plugin disabled
L 08/23/2022 - 18:08:47: [NeoSecurity] I disabled a plugin that could confuse me,write "amxx plugins" to see the plugin disabled
L 08/23/2022 - 18:14:33: [NeoSecurity] I disabled a plugin that could confuse me,write "amxx plugins" to see the plugin disabled
L 08/23/2022 - 18:30:39: [NeoSecurity] I disabled a plugin that could confuse me,write "amxx plugins" to see the plugin disabled
L 08/23/2022 - 18:52:39: [NeoSecurity] I disabled a plugin that could confuse me,write "amxx plugins" to see the plugin disabled
L 08/23/2022 - 18:52:41: [NeoSecurity] User "BadBoy" (IP:78.97.17.26:27005) has been blocked to CSTRIKE_ADMINBUG PW: 
L 08/23/2022 - 18:52:44: [NeoSecurity] User "BadBoy" (IP:78.97.17.26:27005) has been blocked to CSTRIKE_ADMINBUG PW: 
L 08/23/2022 - 18:52:56: [NeoSecurity] User "BadBoy" (IP:78.97.17.26:27005) has been blocked to CSTRIKE_ADMINBUG PW: 
L 08/23/2022 - 18:53:58: [NeoSecurity] I disabled a plugin that could confuse me,write "amxx plugins" to see the plugin disabled
L 08/23/2022 - 19:02:46: [NeoSecurity] I disabled a plugin that could confuse me,write "amxx plugins" to see the plugin disabled
L 08/23/2022 - 19:10:20: [NeoSecurity] I disabled a plugin that could confuse me,write "amxx plugins" to see the plugin disabled
L 08/23/2022 - 19:14:29: [NeoSecurity] I disabled a plugin that could confuse me,write "amxx plugins" to see the plugin disabled
L 08/23/2022 - 19:19:49: [NeoSecurity] User "Claudiu22" (IP:92.86.48.175:3369) has been blocked to CSTRIKE_ADMINBUG PW: 
L 08/23/2022 - 19:20:27: [NeoSecurity] User "Claudiu22" (IP:92.86.48.175:3369) has been blocked to CSTRIKE_ADMINBUG PW: 
L 08/23/2022 - 19:20:39: [NeoSecurity] User "Claudiu22" (IP:92.86.48.175:3369) has been blocked to CSTRIKE_ADMINBUG PW: 
L 08/23/2022 - 19:20:45: [NeoSecurity] User "Claudiu22" (IP:92.86.48.175:3369) has been blocked to CSTRIKE_ADMINBUG PW: 
L 08/23/2022 - 19:20:55: [NeoSecurity] User "Claudiu22" (IP:92.86.48.175:3369) has been blocked to CSTRIKE_ADMINBUG PW: 
L 08/23/2022 - 19:21:22: [NeoSecurity] User "Claudiu22" (IP:92.86.48.175:3369) has been blocked to CSTRIKE_ADMINBUG PW: 
L 08/23/2022 - 19:21:28: [NeoSecurity] User "ALGERIE" (IP:41.104.86.182:27005) has been blocked to CSTRIKE_ADMINBUG PW: 
L 08/23/2022 - 19:21:38: [NeoSecurity] User "Claudiu22" (IP:92.86.48.175:3369) has been blocked to CSTRIKE_ADMINBUG PW: 
L 08/23/2022 - 19:22:21: [NeoSecurity] User "Claudiu22" (IP:92.86.48.175:3369) has been blocked to CSTRIKE_ADMINBUG PW: 
L 08/23/2022 - 19:22:25: [NeoSecurity] I disabled a plugin that could confuse me,write "amxx plugins" to see the plugin disabled
L 08/23/2022 - 19:23:01: [NeoSecurity] User "Claudiu22" (IP:92.86.48.175:3369) has been blocked to CSTRIKE_ADMINBUG PW: 
L 08/23/2022 - 19:24:33: [NeoSecurity] I disabled a plugin that could confuse me,write "amxx plugins" to see the plugin disabled
L 08/23/2022 - 19:25:08: [NeoSecurity] User "Claudiu22" (IP:92.86.48.175:3369) has been blocked to CSTRIKE_ADMINBUG PW: 
L 08/23/2022 - 19:25:35: [NeoSecurity] User "Claudiu22" (IP:92.86.48.175:3369) has been blocked to CSTRIKE_ADMINBUG PW: 
L 08/23/2022 - 19:28:38: [NeoSecurity] User "Claudiu22" (IP:92.86.48.175:3369) has been blocked to CSTRIKE_ADMINBUG PW: 
L 08/23/2022 - 19:30:43: [NeoSecurity] User "Claudiu22" (IP:92.86.48.175:3369) has been blocked to CSTRIKE_ADMINBUG PW: 
L 08/23/2022 - 19:53:04: [NeoSecurity] I disabled a plugin that could confuse me,write "amxx plugins" to see the plugin disabled
L 08/23/2022 - 20:13:24: [NeoSecurity] User "BadBoy" (IP:78.97.17.26:27005) has been blocked to CSTRIKE_ADMINBUG PW: 
L 08/23/2022 - 20:15:27: [NeoSecurity] I disabled a plugin that could confuse me,write "amxx plugins" to see the plugin disabled
L 08/23/2022 - 20:29:22: [NeoSecurity] User "Claudiu22" (IP:92.86.48.175:3114) has been blocked to CSTRIKE_ADMINBUG PW: 
L 08/23/2022 - 20:51:11: [NeoSecurity] I disabled a plugin that could confuse me,write "amxx plugins" to see the plugin disabled
L 08/23/2022 - 21:20:12: [NeoSecurity] I disabled a plugin that could confuse me,write "amxx plugins" to see the plugin disabled
L 08/23/2022 - 21:23:50: [NeoSecurity] I disabled a plugin that could confuse me,write "amxx plugins" to see the plugin disabled
L 08/23/2022 - 21:27:47: [NeoSecurity] I disabled a plugin that could confuse me,write "amxx plugins" to see the plugin disabled
L 08/23/2022 - 21:43:19: [NeoSecurity] I disabled a plugin that could confuse me,write "amxx plugins" to see the plugin disabled
L 08/23/2022 - 21:43:34: [NeoSecurity] I disabled a plugin that could confuse me,write "amxx plugins" to see the plugin disabled
L 08/23/2022 - 22:15:00: [NeoSecurity] I disabled a plugin that could confuse me,write "amxx plugins" to see the plugin disabled
L 08/23/2022 - 22:44:10: [NeoSecurity] I disabled a plugin that could confuse me,write "amxx plugins" to see the plugin disabled
L 08/23/2022 - 22:44:39: [NeoSecurity] I disabled a plugin that could confuse me,write "amxx plugins" to see the plugin disabled
L 08/24/2022 - 00:14:03: [NeoSecurity] I disabled a plugin that could confuse me,write "amxx plugins" to see the plugin disabled
L 08/24/2022 - 00:42:57: [NeoSecurity] I disabled a plugin that could confuse me,write "amxx plugins" to see the plugin disabled
L 08/24/2022 - 00:50:07: [NeoSecurity] User "[k]!" (IP:41.107.44.110:27005) has been blocked to CSTRIKE_ADMINBUG PW: 
L 08/24/2022 - 00:50:10: [NeoSecurity] User "[k]!" (IP:41.107.44.110:27005) has been blocked to CSTRIKE_ADMINBUG PW: 
L 08/24/2022 - 01:11:43: [NeoSecurity] I disabled a plugin that could confuse me,write "amxx plugins" to see the plugin disabled
L 08/24/2022 - 01:40:10: [NeoSecurity] I disabled a plugin that could confuse me,write "amxx plugins" to see the plugin disabled
L 08/24/2022 - 02:08:21: [NeoSecurity] I disabled a plugin that could confuse me,write "amxx plugins" to see the plugin disabled
L 08/24/2022 - 02:36:33: [NeoSecurity] I disabled a plugin that could confuse me,write "amxx plugins" to see the plugin disabled
L 08/24/2022 - 03:04:45: [NeoSecurity] I disabled a plugin that could confuse me,write "amxx plugins" to see the plugin disabled
L 08/24/2022 - 03:32:56: [NeoSecurity] I disabled a plugin that could confuse me,write "amxx plugins" to see the plugin disabled
L 08/24/2022 - 04:01:08: [NeoSecurity] I disabled a plugin that could confuse me,write "amxx plugins" to see the plugin disabled
L 08/24/2022 - 04:29:20: [NeoSecurity] I disabled a plugin that could confuse me,write "amxx plugins" to see the plugin disabled
L 08/24/2022 - 04:57:31: [NeoSecurity] I disabled a plugin that could confuse me,write "amxx plugins" to see the plugin disabled
L 08/24/2022 - 05:33:16: [NeoSecurity] I disabled a plugin that could confuse me,write "amxx plugins" to see the plugin disabled
L 08/24/2022 - 06:01:27: [NeoSecurity] I disabled a plugin that could confuse me,write "amxx plugins" to see the plugin disabled
L 08/24/2022 - 06:29:39: [NeoSecurity] I disabled a plugin that could confuse me,write "amxx plugins" to see the plugin disabled
L 08/24/2022 - 06:57:50: [NeoSecurity] I disabled a plugin that could confuse me,write "amxx plugins" to see the plugin disabled
L 08/24/2022 - 07:26:02: [NeoSecurity] I disabled a plugin that could confuse me,write "amxx plugins" to see the plugin disabled
L 08/24/2022 - 07:54:14: [NeoSecurity] I disabled a plugin that could confuse me,write "amxx plugins" to see the plugin disabled
L 08/24/2022 - 08:22:25: [NeoSecurity] I disabled a plugin that could confuse me,write "amxx plugins" to see the plugin disabled
L 08/24/2022 - 08:50:37: [NeoSecurity] I disabled a plugin that could confuse me,write "amxx plugins" to see the plugin disabled
L 08/24/2022 - 09:18:48: [NeoSecurity] I disabled a plugin that could confuse me,write "amxx plugins" to see the plugin disabled
L 08/24/2022 - 09:48:00: [NeoSecurity] I disabled a plugin that could confuse me,write "amxx plugins" to see the plugin disabled
L 08/24/2022 - 10:16:12: [NeoSecurity] I disabled a plugin that could confuse me,write "amxx plugins" to see the plugin disabled
L 08/24/2022 - 10:44:23: [NeoSecurity] I disabled a plugin that could confuse me,write "amxx plugins" to see the plugin disabled
L 08/24/2022 - 11:12:35: [NeoSecurity] I disabled a plugin that could confuse me,write "amxx plugins" to see the plugin disabled
L 08/24/2022 - 12:07:42: [NeoSecurity] I disabled a plugin that could confuse me,write "amxx plugins" to see the plugin disabled
